2024-08-14 07:19:12.823  INFO 16440 --- [restartedMain] com.example.demo.DemoApplication         : Starting DemoApplication using Java 18.0.1.1 on LAPTOP-HGHC2EOP with PID 16440 (D:\Project\demo\demo\target\classes started by Shrikant in D:\Project\demo\demo)
2024-08-14 07:19:12.837  INFO 16440 --- [restartedMain] com.example.demo.DemoApplication         : No active profile set, falling back to 1 default profile: "default"
2024-08-14 07:19:12.941  INFO 16440 --- [restartedMain] .e.DevToolsPropertyDefaultsPostProcessor : Devtools property defaults active! Set 'spring.devtools.add-properties' to 'false' to disable
2024-08-14 07:19:12.942  INFO 16440 --- [restartedMain] .e.DevToolsPropertyDefaultsPostProcessor : For additional web related logging consider setting the 'logging.level.web' property to 'DEBUG'
2024-08-14 07:19:14.784  INFO 16440 --- [restartedMain] .s.d.r.c.RepositoryConfigurationDelegate : Bootstrapping Spring Data JPA repositories in DEFAULT mode.
2024-08-14 07:19:14.910  INFO 16440 --- [restartedMain] .s.d.r.c.RepositoryConfigurationDelegate : Finished Spring Data repository scanning in 98 ms. Found 1 JPA repository interfaces.
2024-08-14 07:19:16.291  INFO 16440 --- [restartedMain] o.s.b.w.embedded.tomcat.TomcatWebServer  : Tomcat initialized with port(s): 8080 (http)
2024-08-14 07:19:16.308  INFO 16440 --- [restartedMain] o.apache.catalina.core.StandardService   : Starting service [Tomcat]
2024-08-14 07:19:16.308  INFO 16440 --- [restartedMain] org.apache.catalina.core.StandardEngine  : Starting Servlet engine: [Apache Tomcat/9.0.82]
2024-08-14 07:19:16.479  INFO 16440 --- [restartedMain] o.a.c.c.C.[Tomcat].[localhost].[/]       : Initializing Spring embedded WebApplicationContext
2024-08-14 07:19:16.480  INFO 16440 --- [restartedMain] w.s.c.ServletWebServerApplicationContext : Root WebApplicationContext: initialization completed in 3537 ms
2024-08-14 07:19:17.047  INFO 16440 --- [restartedMain] o.hibernate.jpa.internal.util.LogHelper  : HHH000204: Processing PersistenceUnitInfo [name: default]
2024-08-14 07:19:17.178  INFO 16440 --- [restartedMain] org.hibernate.Version                    : HHH000412: Hibernate ORM core version 5.6.15.Final
2024-08-14 07:19:17.461  INFO 16440 --- [restartedMain] o.hibernate.annotations.common.Version   : HCANN000001: Hibernate Commons Annotations {5.1.2.Final}
2024-08-14 07:19:17.641  WARN 16440 --- [restartedMain] com.zaxxer.hikari.HikariConfig           : HikariPool-1 - idleTimeout has been set but has no effect because the pool is operating as a fixed size pool.
2024-08-14 07:19:17.643  INFO 16440 --- [restartedMain] com.zaxxer.hikari.HikariDataSource       : HikariPool-1 - Starting...
2024-08-14 07:19:18.032  INFO 16440 --- [restartedMain] com.zaxxer.hikari.HikariDataSource       : HikariPool-1 - Start completed.
2024-08-14 07:19:18.065  INFO 16440 --- [restartedMain] org.hibernate.dialect.Dialect            : HHH000400: Using dialect: org.hibernate.dialect.MySQL5Dialect
2024-08-14 07:19:18.119  INFO 16440 --- [restartedMain] o.h.e.boot.internal.EnversServiceImpl    : Envers integration enabled? : true
2024-08-14 07:19:18.855  INFO 16440 --- [restartedMain] o.h.e.t.j.p.i.JtaPlatformInitiator       : HHH000490: Using JtaPlatform implementation: [org.hibernate.engine.transaction.jta.platform.internal.NoJtaPlatform]
2024-08-14 07:19:18.867  INFO 16440 --- [restartedMain] j.LocalContainerEntityManagerFactoryBean : Initialized JPA EntityManagerFactory for persistence unit 'default'
2024-08-14 07:19:19.390  WARN 16440 --- [restartedMain] JpaBaseConfiguration$JpaWebConfiguration : spring.jpa.open-in-view is enabled by default. Therefore, database queries may be performed during view rendering. Explicitly configure spring.jpa.open-in-view to disable this warning
2024-08-14 07:19:19.588  WARN 16440 --- [restartedMain] o.s.s.c.a.web.builders.WebSecurity       : You are asking Spring Security to ignore Ant [pattern='/static/**']. This is not recommended -- please use permitAll via HttpSecurity#authorizeHttpRequests instead.
2024-08-14 07:19:19.589  INFO 16440 --- [restartedMain] o.s.s.web.DefaultSecurityFilterChain     : Will not secure Ant [pattern='/static/**']
2024-08-14 07:19:19.620 DEBUG 16440 --- [restartedMain] edFilterInvocationSecurityMetadataSource : Adding web access control expression [permitAll] for ExactUrl [processUrl='/login?error']
2024-08-14 07:19:19.640 DEBUG 16440 --- [restartedMain] edFilterInvocationSecurityMetadataSource : Adding web access control expression [permitAll] for ExactUrl [processUrl='/login']
2024-08-14 07:19:19.640 DEBUG 16440 --- [restartedMain] edFilterInvocationSecurityMetadataSource : Adding web access control expression [permitAll] for ExactUrl [processUrl='/login']
2024-08-14 07:19:19.640 DEBUG 16440 --- [restartedMain] edFilterInvocationSecurityMetadataSource : Adding web access control expression [permitAll] for Ant [pattern='/logout', POST]
2024-08-14 07:19:19.640 DEBUG 16440 --- [restartedMain] edFilterInvocationSecurityMetadataSource : Adding web access control expression [permitAll] for ExactUrl [processUrl='/login']
2024-08-14 07:19:19.640 DEBUG 16440 --- [restartedMain] edFilterInvocationSecurityMetadataSource : Adding web access control expression [permitAll] for Ant [pattern='/signup']
2024-08-14 07:19:19.640 DEBUG 16440 --- [restartedMain] edFilterInvocationSecurityMetadataSource : Adding web access control expression [permitAll] for Ant [pattern='/login']
2024-08-14 07:19:19.641 DEBUG 16440 --- [restartedMain] edFilterInvocationSecurityMetadataSource : Adding web access control expression [permitAll] for Ant [pattern='/css/**']
2024-08-14 07:19:19.641 DEBUG 16440 --- [restartedMain] edFilterInvocationSecurityMetadataSource : Adding web access control expression [permitAll] for Ant [pattern='/js/**']
2024-08-14 07:19:19.641 DEBUG 16440 --- [restartedMain] edFilterInvocationSecurityMetadataSource : Adding web access control expression [permitAll] for Ant [pattern='/images/**']
2024-08-14 07:19:19.641 DEBUG 16440 --- [restartedMain] edFilterInvocationSecurityMetadataSource : Adding web access control expression [permitAll] for Ant [pattern='/favicon.ico']
2024-08-14 07:19:19.641 DEBUG 16440 --- [restartedMain] edFilterInvocationSecurityMetadataSource : Adding web access control expression [permitAll] for Ant [pattern='/fonts/**']
2024-08-14 07:19:19.641 DEBUG 16440 --- [restartedMain] edFilterInvocationSecurityMetadataSource : Adding web access control expression [authenticated] for any request
2024-08-14 07:19:19.653  INFO 16440 --- [restartedMain] o.s.s.web.DefaultSecurityFilterChain     : Will secure any request with [org.springframework.security.web.session.DisableEncodeUrlFilter@2fdd7643, org.springframework.security.web.session.ForceEagerSessionCreationFilter@3ffc9267, org.springframework.security.web.session.ForceEagerSessionCreationFilter@57ea37d1, org.springframework.security.web.context.request.async.WebAsyncManagerIntegrationFilter@59a206a2, org.springframework.security.web.context.SecurityContextPersistenceFilter@5830f6e0, org.springframework.security.web.header.HeaderWriterFilter@5a123523, org.springframework.security.web.csrf.CsrfFilter@250e9f3, org.springframework.security.web.authentication.logout.LogoutFilter@2a4828c7, org.springframework.security.web.authentication.UsernamePasswordAuthenticationFilter@404e04b1, org.springframework.security.web.savedrequest.RequestCacheAwareFilter@7d481c93, org.springframework.security.web.servletapi.SecurityContextHolderAwareRequestFilter@38707291, org.springframework.security.web.authentication.AnonymousAuthenticationFilter@69f9faab, org.springframework.security.web.session.SessionManagementFilter@5ef98ea5, org.springframework.security.web.access.ExceptionTranslationFilter@25f1595d, org.springframework.security.web.access.intercept.FilterSecurityInterceptor@4ff2afb7]
2024-08-14 07:19:20.328  INFO 16440 --- [restartedMain] o.s.b.d.a.OptionalLiveReloadServer       : LiveReload server is running on port 35729
2024-08-14 07:19:20.340  INFO 16440 --- [restartedMain] o.s.b.a.e.web.EndpointLinksResolver      : Exposing 1 endpoint(s) beneath base path '/actuator'
2024-08-14 07:19:20.415  INFO 16440 --- [restartedMain] o.s.b.w.embedded.tomcat.TomcatWebServer  : Tomcat started on port(s): 8080 (http) with context path ''
2024-08-14 07:19:20.442  INFO 16440 --- [restartedMain] com.example.demo.DemoApplication         : Started DemoApplication in 8.151 seconds (JVM running for 8.799)
2024-08-14 07:19:32.117  INFO 16440 --- [http-nio-8080-exec-2] o.a.c.c.C.[Tomcat].[localhost].[/]       : Initializing Spring DispatcherServlet 'dispatcherServlet'
2024-08-14 07:19:32.117  INFO 16440 --- [http-nio-8080-exec-2] o.s.web.servlet.DispatcherServlet        : Initializing Servlet 'dispatcherServlet'
2024-08-14 07:19:32.117  INFO 16440 --- [http-nio-8080-exec-2] o.s.web.servlet.DispatcherServlet        : Completed initialization in 0 ms
2024-08-14 07:19:32.144 DEBUG 16440 --- [http-nio-8080-exec-2] o.s.security.web.FilterChainProxy        : Securing GET /login
2024-08-14 07:19:32.244 DEBUG 16440 --- [http-nio-8080-exec-2] .s.s.w.s.ForceEagerSessionCreationFilter : Created session eagerly
2024-08-14 07:19:32.245 DEBUG 16440 --- [http-nio-8080-exec-2] .s.s.w.s.ForceEagerSessionCreationFilter : Created session eagerly
2024-08-14 07:19:32.250 DEBUG 16440 --- [http-nio-8080-exec-2] s.s.w.c.SecurityContextPersistenceFilter : Created session 70E00F1B7DD3B52F03B9BAE99E461816 eagerly
2024-08-14 07:19:32.254 DEBUG 16440 --- [http-nio-8080-exec-2] s.s.w.c.SecurityContextPersistenceFilter : Set SecurityContextHolder to empty SecurityContext
2024-08-14 07:19:32.263 DEBUG 16440 --- [http-nio-8080-exec-2] o.s.s.w.a.AnonymousAuthenticationFilter  : Set SecurityContextHolder to anonymous SecurityContext
2024-08-14 07:19:32.276 DEBUG 16440 --- [http-nio-8080-exec-2] o.s.s.w.a.i.FilterSecurityInterceptor    : Authorized filter invocation [GET /login] with attributes [permitAll]
2024-08-14 07:19:32.277 DEBUG 16440 --- [http-nio-8080-exec-2] o.s.security.web.FilterChainProxy        : Secured GET /login
2024-08-14 07:19:32.322  INFO 16440 --- [http-nio-8080-exec-2] c.e.demo.controller.LoginController      : Start login method
2024-08-14 07:19:32.849 DEBUG 16440 --- [http-nio-8080-exec-2] w.c.HttpSessionSecurityContextRepository : Did not store anonymous SecurityContext
2024-08-14 07:19:32.852 DEBUG 16440 --- [http-nio-8080-exec-2] w.c.HttpSessionSecurityContextRepository : Did not store anonymous SecurityContext
2024-08-14 07:19:32.853 DEBUG 16440 --- [http-nio-8080-exec-2] s.s.w.c.SecurityContextPersistenceFilter : Cleared SecurityContextHolder to complete request
2024-08-14 07:19:32.913 DEBUG 16440 --- [http-nio-8080-exec-6] o.s.security.web.FilterChainProxy        : Securing GET /js/jquery-3.5.1.min.js
2024-08-14 07:19:32.913 DEBUG 16440 --- [http-nio-8080-exec-1] o.s.security.web.FilterChainProxy        : Securing GET /css/bootstrapupdate.min.css
2024-08-14 07:19:32.913 DEBUG 16440 --- [http-nio-8080-exec-5] o.s.security.web.FilterChainProxy        : Securing GET /css/font-awesome.min.css
2024-08-14 07:19:32.913 DEBUG 16440 --- [http-nio-8080-exec-6] s.s.w.c.SecurityContextPersistenceFilter : Set SecurityContextHolder to empty SecurityContext
2024-08-14 07:19:32.913 DEBUG 16440 --- [http-nio-8080-exec-5] s.s.w.c.SecurityContextPersistenceFilter : Set SecurityContextHolder to empty SecurityContext
2024-08-14 07:19:32.913 DEBUG 16440 --- [http-nio-8080-exec-6] o.s.s.w.a.AnonymousAuthenticationFilter  : Set SecurityContextHolder to anonymous SecurityContext
2024-08-14 07:19:32.913 DEBUG 16440 --- [http-nio-8080-exec-5] o.s.s.w.a.AnonymousAuthenticationFilter  : Set SecurityContextHolder to anonymous SecurityContext
2024-08-14 07:19:32.913 DEBUG 16440 --- [http-nio-8080-exec-5] o.s.s.w.a.i.FilterSecurityInterceptor    : Authorized filter invocation [GET /css/font-awesome.min.css] with attributes [permitAll]
2024-08-14 07:19:32.913 DEBUG 16440 --- [http-nio-8080-exec-1] s.s.w.c.SecurityContextPersistenceFilter : Set SecurityContextHolder to empty SecurityContext
2024-08-14 07:19:32.913 DEBUG 16440 --- [http-nio-8080-exec-6] o.s.s.w.a.i.FilterSecurityInterceptor    : Authorized filter invocation [GET /js/jquery-3.5.1.min.js] with attributes [permitAll]
2024-08-14 07:19:32.913 DEBUG 16440 --- [http-nio-8080-exec-5] o.s.security.web.FilterChainProxy        : Secured GET /css/font-awesome.min.css
2024-08-14 07:19:32.913 DEBUG 16440 --- [http-nio-8080-exec-6] o.s.security.web.FilterChainProxy        : Secured GET /js/jquery-3.5.1.min.js
2024-08-14 07:19:32.913 DEBUG 16440 --- [http-nio-8080-exec-1] o.s.s.w.a.AnonymousAuthenticationFilter  : Set SecurityContextHolder to anonymous SecurityContext
2024-08-14 07:19:32.913 DEBUG 16440 --- [http-nio-8080-exec-1] o.s.s.w.a.i.FilterSecurityInterceptor    : Authorized filter invocation [GET /css/bootstrapupdate.min.css] with attributes [permitAll]
2024-08-14 07:19:32.913 DEBUG 16440 --- [http-nio-8080-exec-1] o.s.security.web.FilterChainProxy        : Secured GET /css/bootstrapupdate.min.css
2024-08-14 07:19:32.953 DEBUG 16440 --- [http-nio-8080-exec-5] w.c.HttpSessionSecurityContextRepository : Did not store anonymous SecurityContext
2024-08-14 07:19:32.953 DEBUG 16440 --- [http-nio-8080-exec-1] w.c.HttpSessionSecurityContextRepository : Did not store anonymous SecurityContext
2024-08-14 07:19:32.953 DEBUG 16440 --- [http-nio-8080-exec-5] w.c.HttpSessionSecurityContextRepository : Did not store anonymous SecurityContext
2024-08-14 07:19:32.953 DEBUG 16440 --- [http-nio-8080-exec-5] s.s.w.c.SecurityContextPersistenceFilter : Cleared SecurityContextHolder to complete request
2024-08-14 07:19:32.953 DEBUG 16440 --- [http-nio-8080-exec-1] w.c.HttpSessionSecurityContextRepository : Did not store anonymous SecurityContext
2024-08-14 07:19:32.953 DEBUG 16440 --- [http-nio-8080-exec-1] s.s.w.c.SecurityContextPersistenceFilter : Cleared SecurityContextHolder to complete request
2024-08-14 07:19:33.022 DEBUG 16440 --- [http-nio-8080-exec-6] w.c.HttpSessionSecurityContextRepository : Did not store anonymous SecurityContext
2024-08-14 07:19:33.025 DEBUG 16440 --- [http-nio-8080-exec-6] w.c.HttpSessionSecurityContextRepository : Did not store anonymous SecurityContext
2024-08-14 07:19:33.025 DEBUG 16440 --- [http-nio-8080-exec-6] s.s.w.c.SecurityContextPersistenceFilter : Cleared SecurityContextHolder to complete request
2024-08-14 07:19:33.072 DEBUG 16440 --- [http-nio-8080-exec-8] o.s.security.web.FilterChainProxy        : Securing GET /favicon.ico
2024-08-14 07:19:33.072 DEBUG 16440 --- [http-nio-8080-exec-8] s.s.w.c.SecurityContextPersistenceFilter : Set SecurityContextHolder to empty SecurityContext
2024-08-14 07:19:33.073 DEBUG 16440 --- [http-nio-8080-exec-8] o.s.s.w.a.AnonymousAuthenticationFilter  : Set SecurityContextHolder to anonymous SecurityContext
2024-08-14 07:19:33.073 DEBUG 16440 --- [http-nio-8080-exec-8] o.s.s.w.a.i.FilterSecurityInterceptor    : Authorized filter invocation [GET /favicon.ico] with attributes [permitAll]
2024-08-14 07:19:33.073 DEBUG 16440 --- [http-nio-8080-exec-8] o.s.security.web.FilterChainProxy        : Secured GET /favicon.ico
2024-08-14 07:19:33.079 DEBUG 16440 --- [http-nio-8080-exec-8] w.c.HttpSessionSecurityContextRepository : Did not store anonymous SecurityContext
2024-08-14 07:19:33.079 DEBUG 16440 --- [http-nio-8080-exec-8] w.c.HttpSessionSecurityContextRepository : Did not store anonymous SecurityContext
2024-08-14 07:19:33.081 DEBUG 16440 --- [http-nio-8080-exec-8] s.s.w.c.SecurityContextPersistenceFilter : Cleared SecurityContextHolder to complete request
2024-08-14 07:19:33.085 DEBUG 16440 --- [http-nio-8080-exec-8] o.s.security.web.FilterChainProxy        : Securing GET /error
2024-08-14 07:19:33.085 DEBUG 16440 --- [http-nio-8080-exec-8] s.s.w.c.SecurityContextPersistenceFilter : Set SecurityContextHolder to empty SecurityContext
2024-08-14 07:19:33.085 DEBUG 16440 --- [http-nio-8080-exec-8] o.s.s.w.a.AnonymousAuthenticationFilter  : Set SecurityContextHolder to anonymous SecurityContext
2024-08-14 07:19:33.085 DEBUG 16440 --- [http-nio-8080-exec-8] o.s.security.web.FilterChainProxy        : Secured GET /error
2024-08-14 07:19:33.198 DEBUG 16440 --- [http-nio-8080-exec-8] w.c.HttpSessionSecurityContextRepository : Did not store anonymous SecurityContext
2024-08-14 07:19:33.198 DEBUG 16440 --- [http-nio-8080-exec-8] w.c.HttpSessionSecurityContextRepository : Did not store anonymous SecurityContext
2024-08-14 07:19:33.198 DEBUG 16440 --- [http-nio-8080-exec-8] s.s.w.c.SecurityContextPersistenceFilter : Cleared SecurityContextHolder to complete request
2024-08-14 07:19:38.249 DEBUG 16440 --- [http-nio-8080-exec-10] o.s.security.web.FilterChainProxy        : Securing POST /login
2024-08-14 07:19:38.251 DEBUG 16440 --- [http-nio-8080-exec-10] s.s.w.c.SecurityContextPersistenceFilter : Set SecurityContextHolder to empty SecurityContext
2024-08-14 07:19:38.396  INFO 16440 --- [http-nio-8080-exec-10] com.example.demo.service.UserService     : Start findByUsername method
2024-08-14 07:19:38.745 DEBUG 16440 --- [http-nio-8080-exec-10] o.s.s.a.dao.DaoAuthenticationProvider    : Authenticated user
2024-08-14 07:19:38.746 DEBUG 16440 --- [http-nio-8080-exec-10] o.s.s.w.csrf.CsrfAuthenticationStrategy  : Replaced CSRF Token
2024-08-14 07:19:38.746 DEBUG 16440 --- [http-nio-8080-exec-10] w.a.UsernamePasswordAuthenticationFilter : Set SecurityContextHolder to UsernamePasswordAuthenticationToken [Principal=org.springframework.security.core.userdetails.User [Username=Shri, Password=[PROTECTED], Enabled=true, AccountNonExpired=true, credentialsNonExpired=true, AccountNonLocked=true, Granted Authorities=[]], Credentials=[PROTECTED], Authenticated=true, Details=WebAuthenticationDetails [RemoteIpAddress=0:0:0:0:0:0:0:1, SessionId=70E00F1B7DD3B52F03B9BAE99E461816], Granted Authorities=[]]
2024-08-14 07:19:38.749 DEBUG 16440 --- [http-nio-8080-exec-10] o.s.s.web.DefaultRedirectStrategy        : Redirecting to /welcome
2024-08-14 07:19:38.749 DEBUG 16440 --- [http-nio-8080-exec-10] w.c.HttpSessionSecurityContextRepository : Stored SecurityContextImpl [Authentication=UsernamePasswordAuthenticationToken [Principal=org.springframework.security.core.userdetails.User [Username=Shri, Password=[PROTECTED], Enabled=true, AccountNonExpired=true, credentialsNonExpired=true, AccountNonLocked=true, Granted Authorities=[]], Credentials=[PROTECTED], Authenticated=true, Details=WebAuthenticationDetails [RemoteIpAddress=0:0:0:0:0:0:0:1, SessionId=70E00F1B7DD3B52F03B9BAE99E461816], Granted Authorities=[]]] to HttpSession [org.apache.catalina.session.StandardSessionFacade@1b6ea8d0]
2024-08-14 07:19:38.749 DEBUG 16440 --- [http-nio-8080-exec-10] w.c.HttpSessionSecurityContextRepository : Stored SecurityContextImpl [Authentication=UsernamePasswordAuthenticationToken [Principal=org.springframework.security.core.userdetails.User [Username=Shri, Password=[PROTECTED], Enabled=true, AccountNonExpired=true, credentialsNonExpired=true, AccountNonLocked=true, Granted Authorities=[]], Credentials=[PROTECTED], Authenticated=true, Details=WebAuthenticationDetails [RemoteIpAddress=0:0:0:0:0:0:0:1, SessionId=70E00F1B7DD3B52F03B9BAE99E461816], Granted Authorities=[]]] to HttpSession [org.apache.catalina.session.StandardSessionFacade@1b6ea8d0]
2024-08-14 07:19:38.749 DEBUG 16440 --- [http-nio-8080-exec-10] s.s.w.c.SecurityContextPersistenceFilter : Cleared SecurityContextHolder to complete request
2024-08-14 07:19:40.711 DEBUG 16440 --- [http-nio-8080-exec-2] o.s.security.web.FilterChainProxy        : Securing GET /welcome
2024-08-14 07:19:40.711 DEBUG 16440 --- [http-nio-8080-exec-2] w.c.HttpSessionSecurityContextRepository : Retrieved SecurityContextImpl [Authentication=UsernamePasswordAuthenticationToken [Principal=org.springframework.security.core.userdetails.User [Username=Shri, Password=[PROTECTED], Enabled=true, AccountNonExpired=true, credentialsNonExpired=true, AccountNonLocked=true, Granted Authorities=[]], Credentials=[PROTECTED], Authenticated=true, Details=WebAuthenticationDetails [RemoteIpAddress=0:0:0:0:0:0:0:1, SessionId=70E00F1B7DD3B52F03B9BAE99E461816], Granted Authorities=[]]]
2024-08-14 07:19:40.711 DEBUG 16440 --- [http-nio-8080-exec-2] s.s.w.c.SecurityContextPersistenceFilter : Set SecurityContextHolder to SecurityContextImpl [Authentication=UsernamePasswordAuthenticationToken [Principal=org.springframework.security.core.userdetails.User [Username=Shri, Password=[PROTECTED], Enabled=true, AccountNonExpired=true, credentialsNonExpired=true, AccountNonLocked=true, Granted Authorities=[]], Credentials=[PROTECTED], Authenticated=true, Details=WebAuthenticationDetails [RemoteIpAddress=0:0:0:0:0:0:0:1, SessionId=70E00F1B7DD3B52F03B9BAE99E461816], Granted Authorities=[]]]
2024-08-14 07:19:40.711 DEBUG 16440 --- [http-nio-8080-exec-2] o.s.s.w.a.i.FilterSecurityInterceptor    : Authorized filter invocation [GET /welcome] with attributes [authenticated]
2024-08-14 07:19:40.711 DEBUG 16440 --- [http-nio-8080-exec-2] o.s.security.web.FilterChainProxy        : Secured GET /welcome
2024-08-14 07:19:40.723  INFO 16440 --- [http-nio-8080-exec-2] c.e.demo.controller.LoginController      : Start welcome method
2024-08-14 07:19:40.724  INFO 16440 --- [http-nio-8080-exec-2] c.e.demo.controller.LoginController      : End welcome method
2024-08-14 07:19:40.740 DEBUG 16440 --- [http-nio-8080-exec-2] s.s.w.c.SecurityContextPersistenceFilter : Cleared SecurityContextHolder to complete request
2024-08-14 07:21:20.339 DEBUG 16440 --- [http-nio-8080-exec-1] o.s.security.web.FilterChainProxy        : Securing GET /welcome
2024-08-14 07:21:20.340 DEBUG 16440 --- [http-nio-8080-exec-1] w.c.HttpSessionSecurityContextRepository : Retrieved SecurityContextImpl [Authentication=UsernamePasswordAuthenticationToken [Principal=org.springframework.security.core.userdetails.User [Username=Shri, Password=[PROTECTED], Enabled=true, AccountNonExpired=true, credentialsNonExpired=true, AccountNonLocked=true, Granted Authorities=[]], Credentials=[PROTECTED], Authenticated=true, Details=WebAuthenticationDetails [RemoteIpAddress=0:0:0:0:0:0:0:1, SessionId=70E00F1B7DD3B52F03B9BAE99E461816], Granted Authorities=[]]]
2024-08-14 07:21:20.340 DEBUG 16440 --- [http-nio-8080-exec-1] s.s.w.c.SecurityContextPersistenceFilter : Set SecurityContextHolder to SecurityContextImpl [Authentication=UsernamePasswordAuthenticationToken [Principal=org.springframework.security.core.userdetails.User [Username=Shri, Password=[PROTECTED], Enabled=true, AccountNonExpired=true, credentialsNonExpired=true, AccountNonLocked=true, Granted Authorities=[]], Credentials=[PROTECTED], Authenticated=true, Details=WebAuthenticationDetails [RemoteIpAddress=0:0:0:0:0:0:0:1, SessionId=70E00F1B7DD3B52F03B9BAE99E461816], Granted Authorities=[]]]
2024-08-14 07:21:20.343 DEBUG 16440 --- [http-nio-8080-exec-1] o.s.s.w.a.i.FilterSecurityInterceptor    : Authorized filter invocation [GET /welcome] with attributes [authenticated]
2024-08-14 07:21:20.343 DEBUG 16440 --- [http-nio-8080-exec-1] o.s.security.web.FilterChainProxy        : Secured GET /welcome
2024-08-14 07:21:20.345  INFO 16440 --- [http-nio-8080-exec-1] c.e.demo.controller.LoginController      : Start welcome method
2024-08-14 07:21:20.345  INFO 16440 --- [http-nio-8080-exec-1] c.e.demo.controller.LoginController      : End welcome method
2024-08-14 07:21:20.355 DEBUG 16440 --- [http-nio-8080-exec-1] s.s.w.c.SecurityContextPersistenceFilter : Cleared SecurityContextHolder to complete request
2024-08-14 07:21:20.713  INFO 16440 --- [File Watcher] rtingClassPathChangeChangedEventListener : Restarting due to 3 class path changes (0 additions, 0 deletions, 3 modifications)
2024-08-14 07:21:20.731  INFO 16440 --- [Thread-5] o.apache.catalina.core.StandardService   : Stopping service [Tomcat]
2024-08-14 07:21:20.736  INFO 16440 --- [Thread-5] o.a.c.c.C.[Tomcat].[localhost].[/]       : Destroying Spring FrameworkServlet 'dispatcherServlet'
2024-08-14 07:21:20.792  INFO 16440 --- [Thread-5] j.LocalContainerEntityManagerFactoryBean : Closing JPA EntityManagerFactory for persistence unit 'default'
2024-08-14 07:21:20.799  INFO 16440 --- [Thread-5] com.zaxxer.hikari.HikariDataSource       : HikariPool-1 - Shutdown initiated...
2024-08-14 07:21:20.809  INFO 16440 --- [Thread-5] com.zaxxer.hikari.HikariDataSource       : HikariPool-1 - Shutdown completed.
2024-08-14 07:21:20.932  INFO 16440 --- [restartedMain] com.example.demo.DemoApplication         : Starting DemoApplication using Java 18.0.1.1 on LAPTOP-HGHC2EOP with PID 16440 (D:\Project\demo\demo\target\classes started by Shrikant in D:\Project\demo\demo)
2024-08-14 07:21:20.933  INFO 16440 --- [restartedMain] com.example.demo.DemoApplication         : No active profile set, falling back to 1 default profile: "default"
2024-08-14 07:21:21.527  INFO 16440 --- [restartedMain] .s.d.r.c.RepositoryConfigurationDelegate : Bootstrapping Spring Data JPA repositories in DEFAULT mode.
2024-08-14 07:21:21.541  INFO 16440 --- [restartedMain] .s.d.r.c.RepositoryConfigurationDelegate : Finished Spring Data repository scanning in 14 ms. Found 1 JPA repository interfaces.
2024-08-14 07:21:21.753  INFO 16440 --- [restartedMain] o.s.b.w.embedded.tomcat.TomcatWebServer  : Tomcat initialized with port(s): 8080 (http)
2024-08-14 07:21:21.754  INFO 16440 --- [restartedMain] o.apache.catalina.core.StandardService   : Starting service [Tomcat]
2024-08-14 07:21:21.755  INFO 16440 --- [restartedMain] org.apache.catalina.core.StandardEngine  : Starting Servlet engine: [Apache Tomcat/9.0.82]
2024-08-14 07:21:21.794  INFO 16440 --- [restartedMain] o.a.c.c.C.[Tomcat].[localhost].[/]       : Initializing Spring embedded WebApplicationContext
2024-08-14 07:21:21.794  INFO 16440 --- [restartedMain] w.s.c.ServletWebServerApplicationContext : Root WebApplicationContext: initialization completed in 856 ms
2024-08-14 07:21:21.901  INFO 16440 --- [restartedMain] o.hibernate.jpa.internal.util.LogHelper  : HHH000204: Processing PersistenceUnitInfo [name: default]
2024-08-14 07:21:21.921  WARN 16440 --- [restartedMain] com.zaxxer.hikari.HikariConfig           : HikariPool-2 - idleTimeout has been set but has no effect because the pool is operating as a fixed size pool.
2024-08-14 07:21:21.921  INFO 16440 --- [restartedMain] com.zaxxer.hikari.HikariDataSource       : HikariPool-2 - Starting...
2024-08-14 07:21:21.960  INFO 16440 --- [restartedMain] com.zaxxer.hikari.HikariDataSource       : HikariPool-2 - Start completed.
2024-08-14 07:21:21.961  INFO 16440 --- [restartedMain] org.hibernate.dialect.Dialect            : HHH000400: Using dialect: org.hibernate.dialect.MySQL5Dialect
2024-08-14 07:21:21.966  INFO 16440 --- [restartedMain] o.h.e.boot.internal.EnversServiceImpl    : Envers integration enabled? : true
2024-08-14 07:21:22.038  INFO 16440 --- [restartedMain] o.h.e.t.j.p.i.JtaPlatformInitiator       : HHH000490: Using JtaPlatform implementation: [org.hibernate.engine.transaction.jta.platform.internal.NoJtaPlatform]
2024-08-14 07:21:22.039  INFO 16440 --- [restartedMain] j.LocalContainerEntityManagerFactoryBean : Initialized JPA EntityManagerFactory for persistence unit 'default'
2024-08-14 07:21:22.198  WARN 16440 --- [restartedMain] JpaBaseConfiguration$JpaWebConfiguration : spring.jpa.open-in-view is enabled by default. Therefore, database queries may be performed during view rendering. Explicitly configure spring.jpa.open-in-view to disable this warning
2024-08-14 07:21:22.224  WARN 16440 --- [restartedMain] o.s.s.c.a.web.builders.WebSecurity       : You are asking Spring Security to ignore Ant [pattern='/static/**']. This is not recommended -- please use permitAll via HttpSecurity#authorizeHttpRequests instead.
2024-08-14 07:21:22.224  INFO 16440 --- [restartedMain] o.s.s.web.DefaultSecurityFilterChain     : Will not secure Ant [pattern='/static/**']
2024-08-14 07:21:22.230 DEBUG 16440 --- [restartedMain] edFilterInvocationSecurityMetadataSource : Adding web access control expression [permitAll] for ExactUrl [processUrl='/login?error']
2024-08-14 07:21:22.230 DEBUG 16440 --- [restartedMain] edFilterInvocationSecurityMetadataSource : Adding web access control expression [permitAll] for ExactUrl [processUrl='/login']
2024-08-14 07:21:22.230 DEBUG 16440 --- [restartedMain] edFilterInvocationSecurityMetadataSource : Adding web access control expression [permitAll] for ExactUrl [processUrl='/login']
2024-08-14 07:21:22.230 DEBUG 16440 --- [restartedMain] edFilterInvocationSecurityMetadataSource : Adding web access control expression [permitAll] for Ant [pattern='/logout', POST]
2024-08-14 07:21:22.230 DEBUG 16440 --- [restartedMain] edFilterInvocationSecurityMetadataSource : Adding web access control expression [permitAll] for ExactUrl [processUrl='/login']
2024-08-14 07:21:22.231 DEBUG 16440 --- [restartedMain] edFilterInvocationSecurityMetadataSource : Adding web access control expression [permitAll] for Ant [pattern='/signup']
2024-08-14 07:21:22.231 DEBUG 16440 --- [restartedMain] edFilterInvocationSecurityMetadataSource : Adding web access control expression [permitAll] for Ant [pattern='/login']
2024-08-14 07:21:22.231 DEBUG 16440 --- [restartedMain] edFilterInvocationSecurityMetadataSource : Adding web access control expression [permitAll] for Ant [pattern='/css/**']
2024-08-14 07:21:22.231 DEBUG 16440 --- [restartedMain] edFilterInvocationSecurityMetadataSource : Adding web access control expression [permitAll] for Ant [pattern='/js/**']
2024-08-14 07:21:22.231 DEBUG 16440 --- [restartedMain] edFilterInvocationSecurityMetadataSource : Adding web access control expression [permitAll] for Ant [pattern='/images/**']
2024-08-14 07:21:22.231 DEBUG 16440 --- [restartedMain] edFilterInvocationSecurityMetadataSource : Adding web access control expression [permitAll] for Ant [pattern='/favicon.ico']
2024-08-14 07:21:22.231 DEBUG 16440 --- [restartedMain] edFilterInvocationSecurityMetadataSource : Adding web access control expression [permitAll] for Ant [pattern='/fonts/**']
2024-08-14 07:21:22.232 DEBUG 16440 --- [restartedMain] edFilterInvocationSecurityMetadataSource : Adding web access control expression [authenticated] for any request
2024-08-14 07:21:22.234  INFO 16440 --- [restartedMain] o.s.s.web.DefaultSecurityFilterChain     : Will secure any request with [org.springframework.security.web.session.DisableEncodeUrlFilter@29ce35ed, org.springframework.security.web.session.ForceEagerSessionCreationFilter@5ee6d20b, org.springframework.security.web.session.ForceEagerSessionCreationFilter@369882e, org.springframework.security.web.context.request.async.WebAsyncManagerIntegrationFilter@7d3246e5, org.springframework.security.web.context.SecurityContextPersistenceFilter@3199c23, org.springframework.security.web.header.HeaderWriterFilter@42e42c97, org.springframework.security.web.csrf.CsrfFilter@178ef9be, org.springframework.security.web.authentication.logout.LogoutFilter@5522527f, org.springframework.security.web.authentication.UsernamePasswordAuthenticationFilter@2340b986, org.springframework.security.web.savedrequest.RequestCacheAwareFilter@60fa9843, org.springframework.security.web.servletapi.SecurityContextHolderAwareRequestFilter@55f2f7e2, org.springframework.security.web.authentication.AnonymousAuthenticationFilter@5b184c4c, org.springframework.security.web.session.SessionManagementFilter@634acef0, org.springframework.security.web.access.ExceptionTranslationFilter@26d4c484, org.springframework.security.web.access.intercept.FilterSecurityInterceptor@2e31a8ca]
2024-08-14 07:21:22.411  INFO 16440 --- [restartedMain] o.s.b.d.a.OptionalLiveReloadServer       : LiveReload server is running on port 35729
2024-08-14 07:21:22.416  INFO 16440 --- [restartedMain] o.s.b.a.e.web.EndpointLinksResolver      : Exposing 1 endpoint(s) beneath base path '/actuator'
2024-08-14 07:21:22.443  INFO 16440 --- [restartedMain] o.s.b.w.embedded.tomcat.TomcatWebServer  : Tomcat started on port(s): 8080 (http) with context path ''
2024-08-14 07:21:22.458  INFO 16440 --- [restartedMain] com.example.demo.DemoApplication         : Started DemoApplication in 1.572 seconds (JVM running for 130.816)
2024-08-14 07:21:22.463  INFO 16440 --- [restartedMain] .ConditionEvaluationDeltaLoggingListener : Condition evaluation unchanged
2024-08-14 07:21:37.504  INFO 16440 --- [http-nio-8080-exec-1] o.a.c.c.C.[Tomcat].[localhost].[/]       : Initializing Spring DispatcherServlet 'dispatcherServlet'
2024-08-14 07:21:37.504  INFO 16440 --- [http-nio-8080-exec-1] o.s.web.servlet.DispatcherServlet        : Initializing Servlet 'dispatcherServlet'
2024-08-14 07:21:37.504  INFO 16440 --- [http-nio-8080-exec-1] o.s.web.servlet.DispatcherServlet        : Completed initialization in 0 ms
2024-08-14 07:21:37.504 DEBUG 16440 --- [http-nio-8080-exec-1] o.s.security.web.FilterChainProxy        : Securing POST /logout
2024-08-14 07:21:37.504 DEBUG 16440 --- [http-nio-8080-exec-1] w.c.HttpSessionSecurityContextRepository : Retrieved SecurityContextImpl [Authentication=UsernamePasswordAuthenticationToken [Principal=org.springframework.security.core.userdetails.User [Username=Shri, Password=[PROTECTED], Enabled=true, AccountNonExpired=true, credentialsNonExpired=true, AccountNonLocked=true, Granted Authorities=[]], Credentials=[PROTECTED], Authenticated=true, Details=WebAuthenticationDetails [RemoteIpAddress=0:0:0:0:0:0:0:1, SessionId=70E00F1B7DD3B52F03B9BAE99E461816], Granted Authorities=[]]]
2024-08-14 07:21:37.504 DEBUG 16440 --- [http-nio-8080-exec-1] s.s.w.c.SecurityContextPersistenceFilter : Set SecurityContextHolder to SecurityContextImpl [Authentication=UsernamePasswordAuthenticationToken [Principal=org.springframework.security.core.userdetails.User [Username=Shri, Password=[PROTECTED], Enabled=true, AccountNonExpired=true, credentialsNonExpired=true, AccountNonLocked=true, Granted Authorities=[]], Credentials=[PROTECTED], Authenticated=true, Details=WebAuthenticationDetails [RemoteIpAddress=0:0:0:0:0:0:0:1, SessionId=70E00F1B7DD3B52F03B9BAE99E461816], Granted Authorities=[]]]
2024-08-14 07:21:37.512 DEBUG 16440 --- [http-nio-8080-exec-1] o.s.s.w.a.logout.LogoutFilter            : Logging out [UsernamePasswordAuthenticationToken [Principal=org.springframework.security.core.userdetails.User [Username=Shri, Password=[PROTECTED], Enabled=true, AccountNonExpired=true, credentialsNonExpired=true, AccountNonLocked=true, Granted Authorities=[]], Credentials=[PROTECTED], Authenticated=true, Details=WebAuthenticationDetails [RemoteIpAddress=0:0:0:0:0:0:0:1, SessionId=70E00F1B7DD3B52F03B9BAE99E461816], Granted Authorities=[]]]
2024-08-14 07:21:37.512 DEBUG 16440 --- [http-nio-8080-exec-1] o.s.s.w.a.l.SecurityContextLogoutHandler : Invalidated session 70E00F1B7DD3B52F03B9BAE99E461816
2024-08-14 07:21:37.512 DEBUG 16440 --- [http-nio-8080-exec-1] w.c.HttpSessionSecurityContextRepository : Did not store empty SecurityContext
2024-08-14 07:21:37.512 DEBUG 16440 --- [http-nio-8080-exec-1] o.s.s.web.DefaultRedirectStrategy        : Redirecting to /login
2024-08-14 07:21:37.516 DEBUG 16440 --- [http-nio-8080-exec-1] w.c.HttpSessionSecurityContextRepository : Did not store empty SecurityContext
2024-08-14 07:21:37.516 DEBUG 16440 --- [http-nio-8080-exec-1] w.c.HttpSessionSecurityContextRepository : Did not store empty SecurityContext
2024-08-14 07:21:37.516 DEBUG 16440 --- [http-nio-8080-exec-1] s.s.w.c.SecurityContextPersistenceFilter : Cleared SecurityContextHolder to complete request
2024-08-14 07:21:37.519 DEBUG 16440 --- [http-nio-8080-exec-2] o.s.security.web.FilterChainProxy        : Securing GET /login
2024-08-14 07:21:37.519 DEBUG 16440 --- [http-nio-8080-exec-2] .s.s.w.s.ForceEagerSessionCreationFilter : Created session eagerly
2024-08-14 07:21:37.519 DEBUG 16440 --- [http-nio-8080-exec-2] .s.s.w.s.ForceEagerSessionCreationFilter : Created session eagerly
2024-08-14 07:21:37.519 DEBUG 16440 --- [http-nio-8080-exec-2] s.s.w.c.SecurityContextPersistenceFilter : Created session 0CE99100694E95D90AB5994EB2E44FBD eagerly
2024-08-14 07:21:37.519 DEBUG 16440 --- [http-nio-8080-exec-2] s.s.w.c.SecurityContextPersistenceFilter : Set SecurityContextHolder to empty SecurityContext
2024-08-14 07:21:37.519 DEBUG 16440 --- [http-nio-8080-exec-2] o.s.s.w.a.AnonymousAuthenticationFilter  : Set SecurityContextHolder to anonymous SecurityContext
2024-08-14 07:21:37.519 DEBUG 16440 --- [http-nio-8080-exec-2] o.s.s.w.session.SessionManagementFilter  : Request requested invalid session id 70E00F1B7DD3B52F03B9BAE99E461816
2024-08-14 07:21:37.519 DEBUG 16440 --- [http-nio-8080-exec-2] w.s.SimpleRedirectInvalidSessionStrategy : Starting new session (if required) and redirecting to '/login?expired=session'
2024-08-14 07:21:37.519 DEBUG 16440 --- [http-nio-8080-exec-2] o.s.s.web.DefaultRedirectStrategy        : Redirecting to /login?expired=session
2024-08-14 07:21:37.519 DEBUG 16440 --- [http-nio-8080-exec-2] w.c.HttpSessionSecurityContextRepository : Did not store anonymous SecurityContext
2024-08-14 07:21:37.519 DEBUG 16440 --- [http-nio-8080-exec-2] w.c.HttpSessionSecurityContextRepository : Did not store anonymous SecurityContext
2024-08-14 07:21:37.519 DEBUG 16440 --- [http-nio-8080-exec-2] s.s.w.c.SecurityContextPersistenceFilter : Cleared SecurityContextHolder to complete request
2024-08-14 07:21:37.536 DEBUG 16440 --- [http-nio-8080-exec-3] o.s.security.web.FilterChainProxy        : Securing GET /login?expired=session
2024-08-14 07:21:37.536 DEBUG 16440 --- [http-nio-8080-exec-3] s.s.w.c.SecurityContextPersistenceFilter : Set SecurityContextHolder to empty SecurityContext
2024-08-14 07:21:37.536 DEBUG 16440 --- [http-nio-8080-exec-3] o.s.s.w.a.AnonymousAuthenticationFilter  : Set SecurityContextHolder to anonymous SecurityContext
2024-08-14 07:21:37.536 DEBUG 16440 --- [http-nio-8080-exec-3] o.s.s.w.a.i.FilterSecurityInterceptor    : Authorized filter invocation [GET /login?expired=session] with attributes [permitAll]
2024-08-14 07:21:37.536 DEBUG 16440 --- [http-nio-8080-exec-3] o.s.security.web.FilterChainProxy        : Secured GET /login?expired=session
2024-08-14 07:21:37.536  INFO 16440 --- [http-nio-8080-exec-3] c.e.demo.controller.LoginController      : Start login method
2024-08-14 07:21:37.569 DEBUG 16440 --- [http-nio-8080-exec-3] w.c.HttpSessionSecurityContextRepository : Did not store anonymous SecurityContext
2024-08-14 07:21:37.569 DEBUG 16440 --- [http-nio-8080-exec-3] w.c.HttpSessionSecurityContextRepository : Did not store anonymous SecurityContext
2024-08-14 07:21:37.569 DEBUG 16440 --- [http-nio-8080-exec-3] s.s.w.c.SecurityContextPersistenceFilter : Cleared SecurityContextHolder to complete request
2024-08-14 07:21:37.603 DEBUG 16440 --- [http-nio-8080-exec-4] o.s.security.web.FilterChainProxy        : Securing GET /css/bootstrapupdate.min.css
2024-08-14 07:21:37.603 DEBUG 16440 --- [http-nio-8080-exec-4] s.s.w.c.SecurityContextPersistenceFilter : Set SecurityContextHolder to empty SecurityContext
2024-08-14 07:21:37.603 DEBUG 16440 --- [http-nio-8080-exec-4] o.s.s.w.a.AnonymousAuthenticationFilter  : Set SecurityContextHolder to anonymous SecurityContext
2024-08-14 07:21:37.603 DEBUG 16440 --- [http-nio-8080-exec-4] o.s.s.w.a.i.FilterSecurityInterceptor    : Authorized filter invocation [GET /css/bootstrapupdate.min.css] with attributes [permitAll]
2024-08-14 07:21:37.603 DEBUG 16440 --- [http-nio-8080-exec-4] o.s.security.web.FilterChainProxy        : Secured GET /css/bootstrapupdate.min.css
2024-08-14 07:21:37.603 DEBUG 16440 --- [http-nio-8080-exec-5] o.s.security.web.FilterChainProxy        : Securing GET /css/font-awesome.min.css
2024-08-14 07:21:37.603 DEBUG 16440 --- [http-nio-8080-exec-4] w.c.HttpSessionSecurityContextRepository : Did not store anonymous SecurityContext
2024-08-14 07:21:37.603 DEBUG 16440 --- [http-nio-8080-exec-6] o.s.security.web.FilterChainProxy        : Securing GET /js/jquery-3.5.1.min.js
2024-08-14 07:21:37.603 DEBUG 16440 --- [http-nio-8080-exec-5] s.s.w.c.SecurityContextPersistenceFilter : Set SecurityContextHolder to empty SecurityContext
2024-08-14 07:21:37.603 DEBUG 16440 --- [http-nio-8080-exec-6] s.s.w.c.SecurityContextPersistenceFilter : Set SecurityContextHolder to empty SecurityContext
2024-08-14 07:21:37.603 DEBUG 16440 --- [http-nio-8080-exec-6] o.s.s.w.a.AnonymousAuthenticationFilter  : Set SecurityContextHolder to anonymous SecurityContext
2024-08-14 07:21:37.603 DEBUG 16440 --- [http-nio-8080-exec-5] o.s.s.w.a.AnonymousAuthenticationFilter  : Set SecurityContextHolder to anonymous SecurityContext
2024-08-14 07:21:37.603 DEBUG 16440 --- [http-nio-8080-exec-6] o.s.s.w.a.i.FilterSecurityInterceptor    : Authorized filter invocation [GET /js/jquery-3.5.1.min.js] with attributes [permitAll]
2024-08-14 07:21:37.616 DEBUG 16440 --- [http-nio-8080-exec-5] o.s.s.w.a.i.FilterSecurityInterceptor    : Authorized filter invocation [GET /css/font-awesome.min.css] with attributes [permitAll]
2024-08-14 07:21:37.616 DEBUG 16440 --- [http-nio-8080-exec-5] o.s.security.web.FilterChainProxy        : Secured GET /css/font-awesome.min.css
2024-08-14 07:21:37.616 DEBUG 16440 --- [http-nio-8080-exec-6] o.s.security.web.FilterChainProxy        : Secured GET /js/jquery-3.5.1.min.js
2024-08-14 07:21:37.619 DEBUG 16440 --- [http-nio-8080-exec-4] w.c.HttpSessionSecurityContextRepository : Did not store anonymous SecurityContext
2024-08-14 07:21:37.619 DEBUG 16440 --- [http-nio-8080-exec-4] s.s.w.c.SecurityContextPersistenceFilter : Cleared SecurityContextHolder to complete request
2024-08-14 07:21:37.619 DEBUG 16440 --- [http-nio-8080-exec-6] w.c.HttpSessionSecurityContextRepository : Did not store anonymous SecurityContext
2024-08-14 07:21:37.619 DEBUG 16440 --- [http-nio-8080-exec-5] w.c.HttpSessionSecurityContextRepository : Did not store anonymous SecurityContext
2024-08-14 07:21:37.624 DEBUG 16440 --- [http-nio-8080-exec-5] w.c.HttpSessionSecurityContextRepository : Did not store anonymous SecurityContext
2024-08-14 07:21:37.624 DEBUG 16440 --- [http-nio-8080-exec-5] s.s.w.c.SecurityContextPersistenceFilter : Cleared SecurityContextHolder to complete request
2024-08-14 07:21:37.624 DEBUG 16440 --- [http-nio-8080-exec-6] w.c.HttpSessionSecurityContextRepository : Did not store anonymous SecurityContext
2024-08-14 07:21:37.624 DEBUG 16440 --- [http-nio-8080-exec-6] s.s.w.c.SecurityContextPersistenceFilter : Cleared SecurityContextHolder to complete request
2024-08-14 07:22:40.149 DEBUG 16440 --- [http-nio-8080-exec-10] o.s.security.web.FilterChainProxy        : Securing POST /login
2024-08-14 07:22:40.149 DEBUG 16440 --- [http-nio-8080-exec-10] s.s.w.c.SecurityContextPersistenceFilter : Set SecurityContextHolder to empty SecurityContext
2024-08-14 07:22:40.251  INFO 16440 --- [http-nio-8080-exec-10] com.example.demo.service.UserService     : Start findByUsername method
2024-08-14 07:22:40.415 DEBUG 16440 --- [http-nio-8080-exec-10] o.s.s.a.dao.DaoAuthenticationProvider    : Authenticated user
2024-08-14 07:22:40.416 DEBUG 16440 --- [http-nio-8080-exec-10] o.s.s.w.csrf.CsrfAuthenticationStrategy  : Replaced CSRF Token
2024-08-14 07:22:40.417 DEBUG 16440 --- [http-nio-8080-exec-10] w.a.UsernamePasswordAuthenticationFilter : Set SecurityContextHolder to UsernamePasswordAuthenticationToken [Principal=org.springframework.security.core.userdetails.User [Username=Shri, Password=[PROTECTED], Enabled=true, AccountNonExpired=true, credentialsNonExpired=true, AccountNonLocked=true, Granted Authorities=[]], Credentials=[PROTECTED], Authenticated=true, Details=WebAuthenticationDetails [RemoteIpAddress=0:0:0:0:0:0:0:1, SessionId=0CE99100694E95D90AB5994EB2E44FBD], Granted Authorities=[]]
2024-08-14 07:22:40.418 DEBUG 16440 --- [http-nio-8080-exec-10] o.s.s.web.DefaultRedirectStrategy        : Redirecting to /welcome
2024-08-14 07:22:40.419 DEBUG 16440 --- [http-nio-8080-exec-10] w.c.HttpSessionSecurityContextRepository : Stored SecurityContextImpl [Authentication=UsernamePasswordAuthenticationToken [Principal=org.springframework.security.core.userdetails.User [Username=Shri, Password=[PROTECTED], Enabled=true, AccountNonExpired=true, credentialsNonExpired=true, AccountNonLocked=true, Granted Authorities=[]], Credentials=[PROTECTED], Authenticated=true, Details=WebAuthenticationDetails [RemoteIpAddress=0:0:0:0:0:0:0:1, SessionId=0CE99100694E95D90AB5994EB2E44FBD], Granted Authorities=[]]] to HttpSession [org.apache.catalina.session.StandardSessionFacade@7a94f467]
2024-08-14 07:22:40.420 DEBUG 16440 --- [http-nio-8080-exec-10] w.c.HttpSessionSecurityContextRepository : Stored SecurityContextImpl [Authentication=UsernamePasswordAuthenticationToken [Principal=org.springframework.security.core.userdetails.User [Username=Shri, Password=[PROTECTED], Enabled=true, AccountNonExpired=true, credentialsNonExpired=true, AccountNonLocked=true, Granted Authorities=[]], Credentials=[PROTECTED], Authenticated=true, Details=WebAuthenticationDetails [RemoteIpAddress=0:0:0:0:0:0:0:1, SessionId=0CE99100694E95D90AB5994EB2E44FBD], Granted Authorities=[]]] to HttpSession [org.apache.catalina.session.StandardSessionFacade@7a94f467]
2024-08-14 07:22:40.420 DEBUG 16440 --- [http-nio-8080-exec-10] s.s.w.c.SecurityContextPersistenceFilter : Cleared SecurityContextHolder to complete request
2024-08-14 07:22:40.427 DEBUG 16440 --- [http-nio-8080-exec-1] o.s.security.web.FilterChainProxy        : Securing GET /welcome
2024-08-14 07:22:40.428 DEBUG 16440 --- [http-nio-8080-exec-1] w.c.HttpSessionSecurityContextRepository : Retrieved SecurityContextImpl [Authentication=UsernamePasswordAuthenticationToken [Principal=org.springframework.security.core.userdetails.User [Username=Shri, Password=[PROTECTED], Enabled=true, AccountNonExpired=true, credentialsNonExpired=true, AccountNonLocked=true, Granted Authorities=[]], Credentials=[PROTECTED], Authenticated=true, Details=WebAuthenticationDetails [RemoteIpAddress=0:0:0:0:0:0:0:1, SessionId=0CE99100694E95D90AB5994EB2E44FBD], Granted Authorities=[]]]
2024-08-14 07:22:40.428 DEBUG 16440 --- [http-nio-8080-exec-1] s.s.w.c.SecurityContextPersistenceFilter : Set SecurityContextHolder to SecurityContextImpl [Authentication=UsernamePasswordAuthenticationToken [Principal=org.springframework.security.core.userdetails.User [Username=Shri, Password=[PROTECTED], Enabled=true, AccountNonExpired=true, credentialsNonExpired=true, AccountNonLocked=true, Granted Authorities=[]], Credentials=[PROTECTED], Authenticated=true, Details=WebAuthenticationDetails [RemoteIpAddress=0:0:0:0:0:0:0:1, SessionId=0CE99100694E95D90AB5994EB2E44FBD], Granted Authorities=[]]]
2024-08-14 07:22:40.429 DEBUG 16440 --- [http-nio-8080-exec-1] o.s.s.w.a.i.FilterSecurityInterceptor    : Authorized filter invocation [GET /welcome] with attributes [authenticated]
2024-08-14 07:22:40.429 DEBUG 16440 --- [http-nio-8080-exec-1] o.s.security.web.FilterChainProxy        : Secured GET /welcome
2024-08-14 07:22:40.431  INFO 16440 --- [http-nio-8080-exec-1] c.e.demo.controller.LoginController      : Start welcome method
2024-08-14 07:22:40.431  INFO 16440 --- [http-nio-8080-exec-1] c.e.demo.controller.LoginController      : End welcome method
2024-08-14 07:22:40.438 DEBUG 16440 --- [http-nio-8080-exec-1] s.s.w.c.SecurityContextPersistenceFilter : Cleared SecurityContextHolder to complete request
2024-08-14 07:23:39.192 DEBUG 16440 --- [http-nio-8080-exec-4] o.s.security.web.FilterChainProxy        : Securing GET /welcome
2024-08-14 07:23:39.193 DEBUG 16440 --- [http-nio-8080-exec-4] w.c.HttpSessionSecurityContextRepository : Retrieved SecurityContextImpl [Authentication=UsernamePasswordAuthenticationToken [Principal=org.springframework.security.core.userdetails.User [Username=Shri, Password=[PROTECTED], Enabled=true, AccountNonExpired=true, credentialsNonExpired=true, AccountNonLocked=true, Granted Authorities=[]], Credentials=[PROTECTED], Authenticated=true, Details=WebAuthenticationDetails [RemoteIpAddress=0:0:0:0:0:0:0:1, SessionId=0CE99100694E95D90AB5994EB2E44FBD], Granted Authorities=[]]]
2024-08-14 07:23:39.193 DEBUG 16440 --- [http-nio-8080-exec-4] s.s.w.c.SecurityContextPersistenceFilter : Set SecurityContextHolder to SecurityContextImpl [Authentication=UsernamePasswordAuthenticationToken [Principal=org.springframework.security.core.userdetails.User [Username=Shri, Password=[PROTECTED], Enabled=true, AccountNonExpired=true, credentialsNonExpired=true, AccountNonLocked=true, Granted Authorities=[]], Credentials=[PROTECTED], Authenticated=true, Details=WebAuthenticationDetails [RemoteIpAddress=0:0:0:0:0:0:0:1, SessionId=0CE99100694E95D90AB5994EB2E44FBD], Granted Authorities=[]]]
2024-08-14 07:23:39.193 DEBUG 16440 --- [http-nio-8080-exec-4] o.s.s.w.a.i.FilterSecurityInterceptor    : Authorized filter invocation [GET /welcome] with attributes [authenticated]
2024-08-14 07:23:39.195 DEBUG 16440 --- [http-nio-8080-exec-4] o.s.security.web.FilterChainProxy        : Secured GET /welcome
2024-08-14 07:23:39.195  INFO 16440 --- [http-nio-8080-exec-4] c.e.demo.controller.LoginController      : Start welcome method
2024-08-14 07:23:39.195  INFO 16440 --- [http-nio-8080-exec-4] c.e.demo.controller.LoginController      : End welcome method
2024-08-14 07:23:39.208 DEBUG 16440 --- [http-nio-8080-exec-4] s.s.w.c.SecurityContextPersistenceFilter : Cleared SecurityContextHolder to complete request
2024-08-14 07:23:55.933 DEBUG 16440 --- [http-nio-8080-exec-8] o.s.security.web.FilterChainProxy        : Securing GET /welcome
2024-08-14 07:23:55.935 DEBUG 16440 --- [http-nio-8080-exec-8] w.c.HttpSessionSecurityContextRepository : Retrieved SecurityContextImpl [Authentication=UsernamePasswordAuthenticationToken [Principal=org.springframework.security.core.userdetails.User [Username=Shri, Password=[PROTECTED], Enabled=true, AccountNonExpired=true, credentialsNonExpired=true, AccountNonLocked=true, Granted Authorities=[]], Credentials=[PROTECTED], Authenticated=true, Details=WebAuthenticationDetails [RemoteIpAddress=0:0:0:0:0:0:0:1, SessionId=0CE99100694E95D90AB5994EB2E44FBD], Granted Authorities=[]]]
2024-08-14 07:23:55.935 DEBUG 16440 --- [http-nio-8080-exec-8] s.s.w.c.SecurityContextPersistenceFilter : Set SecurityContextHolder to SecurityContextImpl [Authentication=UsernamePasswordAuthenticationToken [Principal=org.springframework.security.core.userdetails.User [Username=Shri, Password=[PROTECTED], Enabled=true, AccountNonExpired=true, credentialsNonExpired=true, AccountNonLocked=true, Granted Authorities=[]], Credentials=[PROTECTED], Authenticated=true, Details=WebAuthenticationDetails [RemoteIpAddress=0:0:0:0:0:0:0:1, SessionId=0CE99100694E95D90AB5994EB2E44FBD], Granted Authorities=[]]]
2024-08-14 07:23:55.936 DEBUG 16440 --- [http-nio-8080-exec-8] o.s.s.w.a.i.FilterSecurityInterceptor    : Authorized filter invocation [GET /welcome] with attributes [authenticated]
2024-08-14 07:23:55.937 DEBUG 16440 --- [http-nio-8080-exec-8] o.s.security.web.FilterChainProxy        : Secured GET /welcome
2024-08-14 07:23:55.940  INFO 16440 --- [http-nio-8080-exec-8] c.e.demo.controller.LoginController      : Start welcome method
2024-08-14 07:23:55.940  INFO 16440 --- [http-nio-8080-exec-8] c.e.demo.controller.LoginController      : End welcome method
2024-08-14 07:23:55.949 DEBUG 16440 --- [http-nio-8080-exec-8] s.s.w.c.SecurityContextPersistenceFilter : Cleared SecurityContextHolder to complete request
